<?xml version="1.0" encoding="UTF-8"?>
<!-- Generated by org.testng.reporters.JUnitReportReporter -->
<testsuite hostname="C4M1L0" name="selenium.artifact.maven.AutomationTest" tests="1" failures="0" timestamp="16 Jan 2017 04:19:14 GMT" time="13.716" errors="0">
  <testcase name="TestFireFox" time="13.716" classname="selenium.artifact.maven.AutomationTest"/>
</testsuite> <!-- selenium.artifact.maven.AutomationTest -->
