<?xml version="1.0" encoding="UTF-8"?>
<!-- Generated by org.testng.reporters.JUnitReportReporter -->
<testsuite hostname="C4M1L0" name="selenium.artifact.maven.FacebookTest" tests="1" failures="0" timestamp="16 Jan 2017 04:05:30 GMT" time="14.035" errors="0">
  <testcase name="TestFireFox" time="14.035" classname="selenium.artifact.maven.FacebookTest"/>
</testsuite> <!-- selenium.artifact.maven.FacebookTest -->
